make all --print-data-base --no-builtin-variables --no-builtin-rules --question
make: *** No rule to make target 'all'.  Stop.

# GNU Make 4.2.1
 
# Built for x86_64-pc-linux-gnu
 
# Copyright (C) 1988-2016 Free Software Foundation, Inc.
 
# License GPLv3+: GNU GPL version 3 or later <http://gnu.org/licenses/gpl.html>
 
# This is free software: you are free to change and redistribute it.
 
# There is NO WARRANTY, to the extent permitted by law.
 

 
# Make data base, printed on Sat Jun 11 16:31:57 2022
 

# Variables
 

 
# automatic
 
<D = $(patsubst %/,%,$(dir $<))
 
# automatic
 
?F = $(notdir $?)
 
# makefile (from 'srcs/.env', line 9)
 
DB_HOST = mariadb
 
# makefile (from 'srcs/.env', line 20)
 
WP_USER_PASSWORD = 1337
 
# default
.SHELLFLAGS := -c
# environment
XDG_SESSION_CLASS = user
# environment
VSCODE_AGENT_FOLDER = /home/aybouras/.vscode-server
# makefile (from 'srcs/.env', line 10)
DB_PORT = 3306
# environment
XDG_SESSION_TYPE = tty
# environment
VSCODE_LOG_NATIVE = false
# automatic
?D = $(patsubst %/,%,$(dir $?))
# automatic
@D = $(patsubst %/,%,$(dir $@))
# automatic
@F = $(notdir $@)
# default
MAKE_VERSION := 4.2.1
# makefile
CURDIR := /home/aybouras/data/inception
# makefile
SHELL = /bin/sh
# environment
VSCODE_NLS_CONFIG = {"locale":"en","availableLanguages":{}}
# environment
_ = /home/aybouras/.vscode-server/bin/57fd6d0195bb9b9d1b49f6da5db789060795de47/node
# makefile (from 'srcs/.env', line 1)
MAKEFILE_LIST :=  Makefile srcs/.env
# 'override' directive
GNUMAKEFLAGS := 
# environment
MAKELEVEL := 0
# environment
XDG_DATA_DIRS = /usr/local/share:/usr/share:/var/lib/snapd/desktop
# environment
DBUS_SESSION_BUS_ADDRESS = unix:path=/run/user/1001/bus
# environment
VSCODE_VERBOSE_LOGGING = true
# environment
LESSOPEN = | /usr/bin/lesspipe %s
# environment
LC_NAME = en_GB.UTF-8
# environment
VSCODE_CWD = /home/aybouras
# environment
SSH_CONNECTION = 10.13.100.131 54095 10.13.100.217 22
# environment
PATH = /home/aybouras/.vscode-server/bin/57fd6d0195bb9b9d1b49f6da5db789060795de47/bin/remote-cli:/usr/local/sbin:/usr/local/bin:/usr/sbin:/usr/bin:/sbin:/bin:/usr/games:/usr/local/games:/snap/bin
# makefile (from 'srcs/.env', line 3)
DOMAIN_NAME = aybouras.42.fr
# environment
XDG_RUNTIME_DIR = /run/user/1001
# environment
VSCODE_LOG_STACK = false
# environment
LC_NUMERIC = en_GB.UTF-8
# environment
VSCODE_IPC_HOOK_CLI = /run/user/1001/vscode-ipc-b5698f3c-8cbd-492d-86df-a57185b4d051.sock
# default
.FEATURES := target-specific order-only second-expansion else-if shortest-stem undefine oneshell archives jobserver output-sync check-symlink load
# makefile (from 'srcs/.env', line 1)
TAG = v1.0
# makefile (from 'srcs/.env', line 16)
WP_ADMIN_USER = wordpress
# environment
LS_COLORS = 
# automatic
%F = $(notdir $%)
# makefile (from 'srcs/.env', line 13)
MYSQL_ROOT_PASSWORD = 1337
# environment
VSCODE_PIPE_LOGGING = true
# environment
PWD = /home/aybouras/data/inception
# default
.LOADED := 
# automatic
*D = $(patsubst %/,%,$(dir $*))
# environment
VSCODE_AMD_ENTRYPOINT = vs/workbench/api/node/extensionHostProcess
# environment
HOME = /home/aybouras
# environment
LESSCLOSE = /usr/bin/lesspipe %s %s
# environment
LOGNAME = aybouras
# environment
APPLICATION_INSIGHTS_NO_DIAGNOSTIC_CHANNEL = true
# automatic
+F = $(notdir $+)
# environment
VSCODE_HANDLES_UNCAUGHT_ERRORS = true
# automatic
^D = $(patsubst %/,%,$(dir $^))
# makefile (from 'srcs/.env', line 12)
MYSQL_ROOT_USER = root
# environment
LC_TIME = en_GB.UTF-8
# default
MAKE = $(MAKE_COMMAND)
# default
MAKECMDGOALS := all
# environment
SHLVL = 1
# environment
XDG_SESSION_ID = 7
# environment
USER = aybouras
# environment
LC_MONETARY = en_GB.UTF-8
# makefile
.DEFAULT_GOAL := down
# environment
LIBVIRT_DEFAULT_URI = qemu:///system
# automatic
%D = $(patsubst %/,%,$(dir $%))
# environment
LC_TELEPHONE = en_GB.UTF-8
# makefile (from 'srcs/.env', line 19)
WP_USER = ayoub
# default
MAKE_COMMAND := make
# default
.VARIABLES := 
# automatic
*F = $(notdir $*)
# makefile (from 'srcs/.env', line 24)
FTP_PWD = 1337
# makefile (from 'srcs/.env', line 8)
DB_PASSWORD = 1337
# makefile
MAKEFLAGS = pqrR
# makefile (from 'srcs/.env', line 17)
WP_ADMIN_USER_PASSWORD = 1337
# environment
MFLAGS = -pqrR
# environment
SSH_CLIENT = 10.13.100.131 54095 22
# automatic
+D = $(patsubst %/,%,$(dir $+))
# makefile (from 'srcs/.env', line 23)
FTP_USER = batman
# environment
BROWSER = /home/aybouras/.vscode-server/bin/57fd6d0195bb9b9d1b49f6da5db789060795de47/bin/helpers/browser.sh
# environment
VSCODE_HANDLES_SIGPIPE = true
# default
MAKEFILES := 
# automatic
<F = $(notdir $<)
# automatic
^F = $(notdir $^)
# environment
LC_MEASUREMENT = en_GB.UTF-8
# makefile (from 'srcs/.env', line 7)
DB_USER = mariadb
# environment
LC_ALL = C
# environment
LC_PAPER = en_GB.UTF-8
# makefile (from 'srcs/.env', line 6)
DB_NAME = inception_db
# default
SUFFIXES := 
# default
.INCLUDE_DIRS = /usr/include /usr/local/include /usr/include
# environment
LC_IDENTIFICATION = en_GB.UTF-8
# default
.RECIPEPREFIX := 
# environment
LC_ADDRESS = en_GB.UTF-8
# default
MAKE_HOST := x86_64-pc-linux-gnu
# environment
LANG = C
# environment
VSCODE_EXTHOST_WILL_SEND_SOCKET = true
# environment
MOTD_SHOWN = pam
# variable set hash-table stats:
# Load=95/1024=9%, Rehash=0, Collisions=13/122=11%

# Pattern-specific Variable Values

# No pattern-specific variable values.

# Directories

# . (device 2053, inode 660836): 8 files, no impossibilities.

# 8 files, no impossibilities in 1 directories.

# Implicit Rules

# No implicit rules.

# Files

# Not a target:
all:
#  Command line target.
#  Implicit rule search has been done.
#  File does not exist.
#  File has not been updated.

# Not a target:
Makefile:
#  Implicit rule search has been done.
#  Last modified 2022-06-11 16:16:45.107644551
#  File has been updated.
#  Successfully updated.

rebuild:
#  Implicit rule search has not been done.
#  Modification time never checked.
#  File has not been updated.
#  recipe to execute (from 'Makefile', line 19):
	@cd srcs && sudo docker-compose up --build

build:
#  Implicit rule search has not been done.
#  Modification time never checked.
#  File has not been updated.
#  recipe to execute (from 'Makefile', line 9):
	@mkdir /home/aybouras/data/wordpress_vol
	@mkdir /home/aybouras/data/maria_vol
	@mkdir /home/aybouras/data/adminer_vol/
	@mkdir /home/aybouras/data/ftp_vol
	@cd srcs && sudo docker-compose up --build

# Not a target:
srcs/.env:
#  Implicit rule search has been done.
#  Last modified 2022-06-11 13:03:18.434162453
#  File has been updated.
#  Successfully updated.

# Not a target:
.DEFAULT:
#  Implicit rule search has not been done.
#  Modification time never checked.
#  File has not been updated.

rmi:
#  Implicit rule search has not been done.
#  Modification time never checked.
#  File has not been updated.
#  recipe to execute (from 'Makefile', line 25):
	docker image rmi -f $(docker image ls -q)

kill:
#  Implicit rule search has not been done.
#  Modification time never checked.
#  File has not been updated.
#  recipe to execute (from 'Makefile', line 22):
	docker kill $(docker ps -q)

rm_volumes:
#  Implicit rule search has not been done.
#  Modification time never checked.
#  File has not been updated.
#  recipe to execute (from 'Makefile', line 28):
	docker volume rm -f $(docker volume ls -q)

clean:
#  Implicit rule search has not been done.
#  Modification time never checked.
#  File has not been updated.
#  recipe to execute (from 'Makefile', line 31):
		cd srcs && sudo docker-compose down -v --rmi all
		@sudo rm -rf /home/aybouras/data/wordpress_vol
		@sudo rm -rf /home/aybouras/data/maria_vol
		@sudo rm -rf /home/aybouras/data/adminer_vol
		@sudo rm -rf /home/aybouras/data/ftp_vol

 
check:
#  Implicit rule search has not been done.
#  Modification time never checked.
#  File has not been updated.
#  recipe to execute (from 'Makefile', line 39):
	@echo "-----------\033[0;32mShow running containers------------\033[0m"
		@sudo docker ps
	@echo "\n-----------\033[0;32mShow all existing containers------------\033[0m"
		@sudo docker ps -all
	@echo "\n-----------\033[0;32mShow existing images------------\033[0m"
		@sudo docker images
	@echo "\n-----------\033[0;32mShow Volumes------------\033[0m"
		@sudo docker volume ls
	@echo "\n-----------\033[0;32mShow Networks------------\033[0m"
		@sudo docker network ls

down:
#  Implicit rule search has not been done.
#  Modification time never checked.
#  File has not been updated.
#  recipe to execute (from 'Makefile', line 4):
	cd srcs && sudo docker-compose down

# files hash-table stats:
# Load=13/1024=1%, Rehash=0, Collisions=0/24=0%
# VPATH Search Paths

# No 'vpath' search paths.

# No general ('VPATH' variable) search path.

# strcache buffers: 1 (0) / strings = 22 / storage = 175 B / avg = 7 B
# current buf: size = 8162 B / used = 175 B / count = 22 / avg = 7 B

# strcache performance: lookups = 35 / hit rate = 37%
# hash-table stats:
# Load=22/8192=0%, Rehash=0, Collisions=1/35=3%
# Finished Make data base on Sat Jun 11 16:31:57 2022

 
